<?xml version="1.0" encoding="UTF-8" ?>
<testsuite tests="79" failures="0" name="project.TestSuite" time="0.003" errors="0" skipped="0">
  <properties>
    <property name="java.runtime.name" value="Java(TM) SE Runtime Environment"/>
    <property name="java.vm.version" value="17.0.1+12-LTS-39"/>
    <property name="sun.boot.library.path" value="C:\Program Files\Java\jdk-17.0.1\bin"/>
    <property name="maven.multiModuleProjectDirectory" value="C:\Users\Abhai\Desktop\COMP4004\4004-F22-A1-101077008"/>
    <property name="java.vm.vendor" value="Oracle Corporation"/>
    <property name="java.vendor.url" value="https://java.oracle.com/"/>
    <property name="guice.disable.misplaced.annotation.check" value="true"/>
    <property name="path.separator" value=";"/>
    <property name="java.vm.name" value="Java HotSpot(TM) 64-Bit Server VM"/>
    <property name="sun.os.patch.level" value=""/>
    <property name="user.script" value=""/>
    <property name="user.country" value="CA"/>
    <property name="sun.java.launcher" value="SUN_STANDARD"/>
    <property name="java.vm.specification.name" value="Java Virtual Machine Specification"/>
    <property name="user.dir" value="C:\Users\Abhai\Desktop\COMP4004\4004-F22-A1-101077008"/>
    <property name="java.vm.compressedOopsMode" value="Zero based"/>
    <property name="java.runtime.version" value="17.0.1+12-LTS-39"/>
    <property name="os.arch" value="amd64"/>
    <property name="java.io.tmpdir" value="C:\Users\Abhai\AppData\Local\Temp\"/>
    <property name="line.separator" value="
"/>
    <property name="java.vm.specification.vendor" value="Oracle Corporation"/>
    <property name="user.variant" value=""/>
    <property name="os.name" value="Windows 10"/>
    <property name="classworlds.conf" value="C:\Program Files\apache-maven-3.8.4\bin\m2.conf"/>
    <property name="sun.jnu.encoding" value="Cp1252"/>
    <property name="java.library.path" value="C:\Program Files\Java\jdk-17.0.1\bin;C:\WINDOWS\Sun\Java\bin;C:\WINDOWS\system32;C:\WINDOWS;C:\Program Files\Common Files\Oracle\Java\javapath;C:\ProgramData\Oracle\Java\javapath;C:\Program Files (x86)\Intel\iCLS Client\;C:\Program Files\Intel\iCLS Client\;C:\Windows\system32;C:\Windows;C:\Windows\System32\Wbem;C:\Windows\System32\WindowsPowerShell\v1.0\;C:\Program Files (x86)\Intel\Intel(R) Management Engine Components\DAL;C:\Program Files\Intel\Intel(R) Management Engine Components\DAL;C:\Program Files (x86)\Intel\Intel(R) Management Engine Components\IPT;C:\Program Files\Intel\Intel(R) Management Engine Components\IPT;C:\Program Files (x86)\NVIDIA Corporation\PhysX\Common;C:\WINDOWS\system32;C:\WINDOWS;C:\WINDOWS\System32\Wbem;C:\WINDOWS\System32\WindowsPowerShell\v1.0\;C:\WINDOWS\System32\OpenSSH\;C:\Program Files\NVIDIA Corporation\NVIDIA NvDLISR;D:\Microsoft VS Code\bin;C:\Program Files\Git\cmd;C:\Program Files\Java\jdk-17.0.1\bin;C:\Program Files\apache-maven-3.8.4\bin;;C:\Program Files (x86)\AOMEI\AOMEI Backupper\6.8.0;C:\Program Files\SASHome\SASFoundation\9.4\core\sasexe;C:\Program Files\SASHome\SASFoundation\9.4\ets\sasexe;C:\Program Files\SASHome\Secure\ccme4;C:\Program Files\SASHome\SASFoundation\9.4\core\sasext;C:\Program Files\nodejs\;C:\WINDOWS\system32;C:\WINDOWS;C:\WINDOWS\System32\Wbem;C:\WINDOWS\System32\WindowsPowerShell\v1.0\;C:\WINDOWS\System32\OpenSSH\;C:\Program Files\dotnet\;C:\Users\Abhai\AppData\Local\Microsoft\WindowsApps;D:\Microsoft VS Code\bin;C:\Users\Abhai\AppData\Local\atom\bin;C:\Users\Abhai\AppData\Local\Microsoft\WindowsApps;C:\Users\Abhai\AppData\Local\Programs\MiKTeX 2.9\miktex\bin\x64\;C:\Program Files\MongoDB\Server\5.0\bin;C:\Users\Abhai\AppData\Local\GitHubDesktop\bin;C:\Users\Abhai\AppData\Roaming\npm;C:\Users\Abhai\.dotnet\tools;C:\Users\Abhai\Desktop\Coding Tools\gradle-7.5.1\bin;;."/>
    <property name="maven.conf" value="C:\Program Files\apache-maven-3.8.4/conf"/>
    <property name="jdk.debug" value="release"/>
    <property name="java.class.version" value="61.0"/>
    <property name="java.specification.name" value="Java Platform API Specification"/>
    <property name="sun.management.compiler" value="HotSpot 64-Bit Tiered Compilers"/>
    <property name="os.version" value="10.0"/>
    <property name="library.jansi.path" value="C:\Program Files\apache-maven-3.8.4\lib\jansi-native"/>
    <property name="user.home" value="C:\Users\Abhai"/>
    <property name="user.timezone" value="America/New_York"/>
    <property name="file.encoding" value="Cp1252"/>
    <property name="java.specification.version" value="17"/>
    <property name="user.name" value="Abhai"/>
    <property name="java.class.path" value="C:\Program Files\apache-maven-3.8.4\boot\plexus-classworlds-2.6.0.jar"/>
    <property name="java.vm.specification.version" value="17"/>
    <property name="sun.arch.data.model" value="64"/>
    <property name="sun.java.command" value="org.codehaus.plexus.classworlds.launcher.Launcher test"/>
    <property name="java.home" value="C:\Program Files\Java\jdk-17.0.1"/>
    <property name="user.language" value="en"/>
    <property name="java.specification.vendor" value="Oracle Corporation"/>
    <property name="java.vm.info" value="mixed mode, sharing"/>
    <property name="java.version" value="17.0.1"/>
    <property name="native.encoding" value="Cp1252"/>
    <property name="java.vendor" value="Oracle Corporation"/>
    <property name="sun.stderr.encoding" value="cp437"/>
    <property name="maven.home" value="C:\Program Files\apache-maven-3.8.4"/>
    <property name="file.separator" value="\"/>
    <property name="java.version.date" value="2021-10-19"/>
    <property name="java.vendor.url.bug" value="https://bugreport.java.com/bugreport/"/>
    <property name="sun.io.unicode.encoding" value="UnicodeLittle"/>
    <property name="sun.cpu.endian" value="little"/>
    <property name="sun.stdout.encoding" value="cp437"/>
    <property name="sun.cpu.isalist" value="amd64"/>
  </properties>
  <testcase classname="project.GameTest" name="testSkullIslandDeduction" time="0"/>
  <testcase classname="project.GameTest" name="testCalculateDiceScoreGold" time="0"/>
  <testcase classname="project.GameTest" name="testTreasureChestScoreCalculator" time="0"/>
  <testcase classname="project.GameTest" name="testCalculateDiceScore" time="0"/>
  <testcase classname="project.GameTest" name="testMultiplayerReroll" time="0"/>
  <testcase classname="project.GameTest" name="testShuffleDeck" time="0"/>
  <testcase classname="project.GameTest" name="testSkullsIsland2" time="0"/>
  <testcase classname="project.GameTest" name="testCalculateDiceScoreDiamond" time="0"/>
  <testcase classname="project.GameTest" name="testRollDice" time="0"/>
  <testcase classname="project.GameTest" name="testSkullIslandReroll" time="0"/>
  <testcase classname="project.GameTest" name="testDetermineWinners" time="0"/>
  <testcase classname="project.GameTest" name="testArrayTreasureChestToString" time="0"/>
  <testcase classname="project.GameTest" name="testSkullIsland" time="0"/>
  <testcase classname="project.GameTest" name="testDrawFortuneCard" time="0"/>
  <testcase classname="project.GameTest" name="testCalculateDiceScoreMonkey" time="0"/>
  <testcase classname="project.GameTest" name="testGetWinner" time="0"/>
  <testcase classname="project.GameTest" name="testReRoll" time="0"/>
  <testcase classname="project.GameTest" name="testSeaBattleScore" time="0"/>
  <testcase classname="project.GameTest" name="testPopulateDeck" time="0"/>
  <testcase classname="project.GameTest" name="testArrayDiceToString" time="0"/>
  <testcase classname="project.PlayerTest" name="testFortuneCardValue" time="0"/>
  <testcase classname="project.PlayerTest" name="testGetPlayerID" time="0"/>
  <testcase classname="project.PlayerTest" name="testPlayerScoreValue" time="0"/>
  <testcase classname="project.PlayerTest" name="testPlayerDiceValue" time="0"/>
  <testcase classname="project.PlayerTest" name="testSetPlayerD" time="0"/>
  <testcase classname="project.FortuneTest" name="testGetName" time="0"/>
  <testcase classname="project.FortuneTest" name="testGetAmount" time="0"/>
  <testcase classname="project.AcceptanceTest" name="testRow45" time="0"/>
  <testcase classname="project.AcceptanceTest" name="testRow46" time="0"/>
  <testcase classname="project.AcceptanceTest" name="testRow47" time="0"/>
  <testcase classname="project.AcceptanceTest" name="testRow48" time="0"/>
  <testcase classname="project.AcceptanceTest" name="testRow50" time="0"/>
  <testcase classname="project.AcceptanceTest" name="testRow52" time="0"/>
  <testcase classname="project.AcceptanceTest" name="testRow53" time="0.001"/>
  <testcase classname="project.AcceptanceTest" name="testRow54" time="0"/>
  <testcase classname="project.AcceptanceTest" name="testRow55" time="0"/>
  <testcase classname="project.AcceptanceTest" name="testRow56" time="0"/>
  <testcase classname="project.AcceptanceTest" name="testRow57" time="0"/>
  <testcase classname="project.AcceptanceTest" name="testRow58" time="0"/>
  <testcase classname="project.AcceptanceTest" name="testRow59" time="0"/>
  <testcase classname="project.AcceptanceTest" name="testRow60" time="0"/>
  <testcase classname="project.AcceptanceTest" name="testRow62" time="0"/>
  <testcase classname="project.AcceptanceTest" name="testRow63" time="0"/>
  <testcase classname="project.AcceptanceTest" name="testRow64" time="0"/>
  <testcase classname="project.AcceptanceTest" name="testRow65" time="0"/>
  <testcase classname="project.AcceptanceTest" name="testRow66" time="0"/>
  <testcase classname="project.AcceptanceTest" name="testRow67" time="0"/>
  <testcase classname="project.AcceptanceTest" name="testRow68" time="0.001"/>
  <testcase classname="project.AcceptanceTest" name="testRow69" time="0"/>
  <testcase classname="project.AcceptanceTest" name="testRow70" time="0"/>
  <testcase classname="project.AcceptanceTest" name="testRow71" time="0"/>
  <testcase classname="project.AcceptanceTest" name="testRow72" time="0"/>
  <testcase classname="project.AcceptanceTest" name="testRow77" time="0"/>
  <testcase classname="project.AcceptanceTest" name="testRow78" time="0"/>
  <testcase classname="project.AcceptanceTest" name="testRow79" time="0.001"/>
  <testcase classname="project.AcceptanceTest" name="testRow82" time="0"/>
  <testcase classname="project.AcceptanceTest" name="testRow83" time="0"/>
  <testcase classname="project.AcceptanceTest" name="testRow84" time="0"/>
  <testcase classname="project.AcceptanceTest" name="testRow87" time="0"/>
  <testcase classname="project.AcceptanceTest" name="testRow92" time="0"/>
  <testcase classname="project.AcceptanceTest" name="testRow97" time="0"/>
  <testcase classname="project.AcceptanceTest" name="testRow98" time="0"/>
  <testcase classname="project.AcceptanceTest" name="testRow99" time="0"/>
  <testcase classname="project.AcceptanceTest" name="testRow100" time="0"/>
  <testcase classname="project.AcceptanceTest" name="testRow103" time="0"/>
  <testcase classname="project.AcceptanceTest" name="testRow106" time="0"/>
  <testcase classname="project.AcceptanceTest" name="testRow107" time="0"/>
  <testcase classname="project.AcceptanceTest" name="testRow108" time="0"/>
  <testcase classname="project.AcceptanceTest" name="testRow110" time="0"/>
  <testcase classname="project.AcceptanceTest" name="testRow111" time="0"/>
  <testcase classname="project.AcceptanceTest" name="testRow114" time="0"/>
  <testcase classname="project.AcceptanceTest" name="testRow115" time="0"/>
  <testcase classname="project.AcceptanceTest" name="testRow116" time="0"/>
  <testcase classname="project.AcceptanceTest" name="testRow117" time="0"/>
  <testcase classname="project.AcceptanceTest" name="testRow118" time="0"/>
  <testcase classname="project.AcceptanceTest" name="testRow120" time="0"/>
  <testcase classname="project.AcceptanceTest" name="testRow121" time="0"/>
  <testcase classname="project.AcceptanceTest" name="testRow123" time="0"/>
  <testcase classname="project.AcceptanceTest" name="testRow124" time="0"/>
</testsuite>